mode: set
altaStore/business/admins/service.go:28.55,32.2 1 1
altaStore/business/admins/service.go:34.82,36.16 2 1
altaStore/business/admins/service.go:39.2,39.25 1 1
altaStore/business/admins/service.go:36.16,38.3 1 1
altaStore/business/admins/service.go:42.85,44.16 2 1
altaStore/business/admins/service.go:47.2,47.20 1 1
altaStore/business/admins/service.go:44.16,46.3 1 1
altaStore/business/admins/service.go:50.77,52.16 2 1
altaStore/business/admins/service.go:55.2,55.20 1 1
altaStore/business/admins/service.go:52.16,54.3 1 1
altaStore/business/admins/service.go:58.86,61.16 2 1
altaStore/business/admins/service.go:64.2,64.19 1 1
altaStore/business/admins/service.go:61.16,63.3 1 1
altaStore/business/admins/service.go:67.88,69.16 2 1
altaStore/business/admins/service.go:73.2,75.16 2 1
altaStore/business/admins/service.go:79.2,80.16 2 1
altaStore/business/admins/service.go:84.2,95.16 4 1
altaStore/business/admins/service.go:98.2,98.12 1 1
altaStore/business/admins/service.go:69.16,71.3 1 1
altaStore/business/admins/service.go:75.16,77.3 1 0
altaStore/business/admins/service.go:80.16,82.3 1 1
altaStore/business/admins/service.go:95.16,97.3 1 1
altaStore/business/admins/service.go:101.114,103.16 2 1
altaStore/business/admins/service.go:107.2,108.16 2 1
altaStore/business/admins/service.go:112.2,114.16 3 1
altaStore/business/admins/service.go:117.2,117.12 1 1
altaStore/business/admins/service.go:103.16,105.3 1 1
altaStore/business/admins/service.go:108.16,110.3 1 1
altaStore/business/admins/service.go:114.16,116.3 1 1
altaStore/business/admins/admins.go:27.10,39.2 1 1
altaStore/business/admins/admins.go:41.70,53.2 1 1
altaStore/business/categories/categories.go:19.64,27.2 1 1
altaStore/business/categories/categories.go:29.99,39.2 1 1
altaStore/business/categories/service.go:23.60,27.2 1 1
altaStore/business/categories/service.go:29.85,31.16 2 1
altaStore/business/categories/service.go:34.2,34.18 1 1
altaStore/business/categories/service.go:31.16,33.3 1 1
altaStore/business/categories/service.go:37.103,39.16 2 1
altaStore/business/categories/service.go:42.2,42.18 1 1
altaStore/business/categories/service.go:39.16,41.3 1 1
altaStore/business/categories/service.go:45.109,47.16 2 1
altaStore/business/categories/service.go:51.2,51.35 1 1
altaStore/business/categories/service.go:57.2,60.16 4 1
altaStore/business/categories/service.go:63.2,63.12 1 1
altaStore/business/categories/service.go:47.16,49.3 1 1
altaStore/business/categories/service.go:51.35,53.17 2 1
altaStore/business/categories/service.go:53.17,55.4 1 1
altaStore/business/categories/service.go:60.16,62.3 1 1
altaStore/business/categories/service.go:66.139,68.16 2 1
altaStore/business/categories/service.go:72.2,73.16 2 1
altaStore/business/categories/service.go:78.2,78.36 1 1
altaStore/business/categories/service.go:82.2,84.16 3 1
altaStore/business/categories/service.go:87.2,87.12 1 1
altaStore/business/categories/service.go:68.16,70.3 1 1
altaStore/business/categories/service.go:73.16,75.3 1 1
altaStore/business/categories/service.go:78.36,80.3 1 1
altaStore/business/categories/service.go:84.16,86.3 1 1
altaStore/business/categories/service.go:90.96,92.16 2 1
altaStore/business/categories/service.go:97.2,97.36 1 1
altaStore/business/categories/service.go:101.2,102.16 2 1
altaStore/business/categories/service.go:105.2,105.12 1 1
altaStore/business/categories/service.go:92.16,94.3 1 0
altaStore/business/categories/service.go:97.36,99.3 1 1
altaStore/business/categories/service.go:102.16,104.3 1 1
altaStore/business/cart/cart.go:46.28,56.2 1 1
altaStore/business/cart/cart.go:64.34,75.2 1 1
altaStore/business/cart/cart.go:82.45,89.2 1 0
altaStore/business/cart/cart.go:92.65,99.2 1 0
altaStore/business/cart/service.go:24.48,28.2 1 1
altaStore/business/cart/service.go:30.64,32.16 2 1
altaStore/business/cart/service.go:36.2,37.16 2 1
altaStore/business/cart/service.go:52.2,53.16 2 1
altaStore/business/cart/service.go:86.2,86.12 1 1
altaStore/business/cart/service.go:32.16,34.3 1 0
altaStore/business/cart/service.go:37.16,45.17 3 1
altaStore/business/cart/service.go:49.3,49.70 1 1
altaStore/business/cart/service.go:45.17,47.4 1 0
altaStore/business/cart/service.go:53.16,54.124 1 0
altaStore/business/cart/service.go:64.3,64.17 1 0
altaStore/business/cart/service.go:54.124,56.4 1 0
altaStore/business/cart/service.go:56.9,57.38 1 0
altaStore/business/cart/service.go:57.38,59.5 1 0
altaStore/business/cart/service.go:59.10,61.5 1 0
altaStore/business/cart/service.go:64.17,66.4 1 0
altaStore/business/cart/service.go:67.8,68.37 1 1
altaStore/business/cart/service.go:68.37,78.18 3 1
altaStore/business/cart/service.go:78.18,80.5 1 0
altaStore/business/cart/service.go:81.9,83.4 1 0
altaStore/business/cart/service.go:89.66,92.16 3 0
altaStore/business/cart/service.go:96.2,98.16 2 0
altaStore/business/cart/service.go:103.2,105.36 2 0
altaStore/business/cart/service.go:109.2,111.20 2 0
altaStore/business/cart/service.go:92.16,94.3 1 0
altaStore/business/cart/service.go:98.16,101.3 2 0
altaStore/business/cart/service.go:105.36,107.3 1 0
altaStore/business/products/service.go:43.106,48.2 1 1
altaStore/business/products/service.go:50.85,52.16 2 1
altaStore/business/products/service.go:56.2,57.38 2 1
altaStore/business/products/service.go:66.2,66.49 1 1
altaStore/business/products/service.go:52.16,54.3 1 1
altaStore/business/products/service.go:57.38,59.19 2 1
altaStore/business/products/service.go:62.3,63.88 2 1
altaStore/business/products/service.go:59.19,60.12 1 0
altaStore/business/products/service.go:69.76,71.16 2 1
altaStore/business/products/service.go:74.2,76.22 3 1
altaStore/business/products/service.go:71.16,73.3 1 1
altaStore/business/products/service.go:79.116,81.16 2 1
altaStore/business/products/service.go:84.2,86.16 3 1
altaStore/business/products/service.go:90.2,90.22 1 1
altaStore/business/products/service.go:81.16,83.3 1 1
altaStore/business/products/service.go:86.16,88.3 1 1
altaStore/business/products/service.go:93.127,95.16 2 1
altaStore/business/products/service.go:98.2,99.16 2 1
altaStore/business/products/service.go:104.2,104.34 1 1
altaStore/business/products/service.go:108.2,111.16 3 1
altaStore/business/products/service.go:114.2,114.12 1 1
altaStore/business/products/service.go:95.16,97.3 1 1
altaStore/business/products/service.go:99.16,101.3 1 1
altaStore/business/products/service.go:104.34,106.3 1 1
altaStore/business/products/service.go:111.16,113.3 1 1
altaStore/business/products/products.go:24.69,36.2 1 1
altaStore/business/products/products.go:38.110,51.2 1 1
altaStore/business/products_images/products_images.go:17.74,22.2 1 0
altaStore/business/products_images/service.go:12.64,16.2 1 1
altaStore/business/products_images/service.go:18.124,19.28 1 1
altaStore/business/products_images/service.go:26.2,26.12 1 1
altaStore/business/products_images/service.go:19.28,21.17 2 1
altaStore/business/products_images/service.go:21.17,22.12 1 1
altaStore/business/products_images/service.go:29.117,31.16 2 1
altaStore/business/products_images/service.go:36.2,36.30 1 1
altaStore/business/products_images/service.go:40.2,41.16 2 1
altaStore/business/products_images/service.go:45.2,45.12 1 1
altaStore/business/products_images/service.go:31.16,33.3 1 1
altaStore/business/products_images/service.go:36.30,38.3 1 0
altaStore/business/products_images/service.go:41.16,43.3 1 1
